<?xml version="1.0" encoding="UTF-8"?>
<!-- Generated by org.testng.reporters.JUnitReportReporter -->
<testsuite hostname="Nilmie" failures="0" tests="1" name="pet.DeleteRequest" time="3.535" errors="0" timestamp="2020-12-17T14:51:53 IST" skipped="0">
  <testcase classname="pet.DeleteRequest" name="DeleteEmployee" time="3.535"/>
  <system-out/>
</testsuite> <!-- pet.DeleteRequest -->
