<?xml version="1.0" encoding="UTF-8"?>
<!-- Generated by org.testng.reporters.JUnitReportReporter -->
<testsuite hostname="Nilmie" failures="0" tests="1" name="pet.PutRequest" time="3.176" errors="0" timestamp="2020-12-17T14:49:44 IST" skipped="0">
  <testcase classname="pet.PutRequest" name="PostPet" time="3.176"/>
  <system-out/>
</testsuite> <!-- pet.PutRequest -->
