<?xml version="1.0" encoding="UTF-8"?>
<!-- Generated by org.testng.reporters.JUnitReportReporter -->
<testsuite hostname="Nilmie" failures="0" tests="2" name="pet.GetRequest" time="5.206" errors="0" timestamp="2020-12-17T14:50:27 IST" skipped="0">
  <testcase classname="pet.GetRequest" name="GetAllPet" time="3.132"/>
  <system-out/>
  <testcase classname="pet.GetRequest" name="GetPet" time="2.074"/>
  <system-out/>
</testsuite> <!-- pet.GetRequest -->
