<?xml version="1.0" encoding="UTF-8"?>
<!-- Generated by org.testng.reporters.JUnitReportReporter -->
<testsuite hostname="Nilmie" failures="0" tests="1" name="pet.GetRequestAllPet" time="3.066" errors="0" timestamp="2020-12-17T14:55:31 IST" skipped="0">
  <testcase classname="pet.GetRequestAllPet" name="GetAllPet" time="3.066"/>
  <system-out/>
</testsuite> <!-- pet.GetRequestAllPet -->
