<?xml version="1.0" encoding="UTF-8"?>
<!-- Generated by org.testng.reporters.JUnitReportReporter -->
<testsuite hostname="Nilmie" failures="0" tests="1" name="pet.PostRequest" time="3.402" errors="0" timestamp="2020-12-17T15:03:04 IST" skipped="0">
  <testcase classname="pet.PostRequest" name="PostPet" time="3.402"/>
  <system-out/>
</testsuite> <!-- pet.PostRequest -->
